<?xml version="1.0" encoding="UTF-8"?>
<!-- Generated by org.testng.reporters.JUnitXMLReporter -->
<testsuite ignored="0" hostname="DESKTOP-46KQC6V" failures="0" tests="3" name="Test" time="70.103" errors="0" timestamp="2023-08-04T19:06:52 IST">
  <testcase classname="gusi_Test.GusiRegister" name="register" time="0.028"/>
  <testcase classname="gusi_Test.ForgotPassword" name="forgotPassword" time="0.003"/>
  <testcase classname="gusi_Test.LoginGusi" name="login" time="4.773"/>
</testsuite> <!-- Test -->
