<?xml version="1.0" encoding="UTF-8"?>
<testng-results ignored="0" total="0" passed="0" failed="0" skipped="0">
  <reporter-output>
  </reporter-output>
  <suite started-at="2023-08-09T18:00:13 IST" name="com.gusi.base.TestBase" finished-at="2023-08-09T18:00:13 IST" duration-ms="26">
    <groups>
    </groups>
    <test started-at="2023-08-09T18:00:13 IST" name="Command line test" finished-at="2023-08-09T18:00:13 IST" duration-ms="26">
    </test> <!-- Command line test -->
  </suite> <!-- com.gusi.base.TestBase -->
</testng-results>
