<?xml version="1.0" encoding="UTF-8"?>
<testng-results ignored="0" total="1" passed="1" failed="0" skipped="0">
  <reporter-output>
  </reporter-output>
  <suite started-at="2023-08-17T23:35:22 IST" name="Default suite" finished-at="2023-08-17T23:35:38 IST" duration-ms="15777">
    <groups>
    </groups>
    <test started-at="2023-08-17T23:35:22 IST" name="Default test" finished-at="2023-08-17T23:35:38 IST" duration-ms="15777">
      <class name="com.gusi.test.LoginGusiTest">
        <test-method is-config="true" signature="setup()[pri:0, instance:com.gusi.test.LoginGusiTest@2438dcd]" started-at="2023-08-17T23:35:22 IST" name="setup" finished-at="2023-08-17T23:35:34 IST" duration-ms="11849" status="PASS">
          <reporter-output>
          </reporter-output>
        </test-method> <!-- setup -->
        <test-method signature="test_TC001_verifyAppLaunch()[pri:0, instance:com.gusi.test.LoginGusiTest@2438dcd]" started-at="2023-08-17T23:35:34 IST" name="test_TC001_verifyAppLaunch" finished-at="2023-08-17T23:35:38 IST" duration-ms="3819" status="PASS">
          <reporter-output>
          </reporter-output>
        </test-method> <!-- test_TC001_verifyAppLaunch -->
      </class> <!-- com.gusi.test.LoginGusiTest -->
    </test> <!-- Default test -->
  </suite> <!-- Default suite -->
</testng-results>
