<?xml version="1.0" encoding="UTF-8"?>
<testng-results ignored="0" total="1" passed="1" failed="0" skipped="0">
  <reporter-output>
  </reporter-output>
  <suite started-at="2023-08-09T16:32:34 IST" name="Default suite" finished-at="2023-08-09T16:33:05 IST" duration-ms="31418">
    <groups>
    </groups>
    <test started-at="2023-08-09T16:32:34 IST" name="Default test" finished-at="2023-08-09T16:33:05 IST" duration-ms="31418">
      <class name="gusi_Test.FlutterAndroidShopper">
        <test-method is-config="true" signature="setUp()[pri:0, instance:gusi_Test.FlutterAndroidShopper@2ab4bc72]" started-at="2023-08-09T16:32:34 IST" name="setUp" finished-at="2023-08-09T16:33:00 IST" duration-ms="25555" status="PASS">
          <reporter-output>
          </reporter-output>
        </test-method> <!-- setUp -->
        <test-method signature="login()[pri:0, instance:gusi_Test.FlutterAndroidShopper@2ab4bc72]" started-at="2023-08-09T16:33:00 IST" name="login" finished-at="2023-08-09T16:33:05 IST" duration-ms="5703" status="PASS">
          <reporter-output>
          </reporter-output>
        </test-method> <!-- login -->
      </class> <!-- gusi_Test.FlutterAndroidShopper -->
    </test> <!-- Default test -->
  </suite> <!-- Default suite -->
</testng-results>
